Using pre-set license
Built from '2020.3/staging' branch; Version is '2020.3.5f1 (8095aa901b9b) revision 8426922'; Using compiler version '192528614'; Build Type 'Release'
OS: 'Windows 10 Home; OS build 19041.928; Version 2004; 64bit' Language: 'en' Physical Memory: 32695 MB
BatchMode: 1, IsHumanControllingUs: 0, StartBugReporterOnCrash: 0, Is64bit: 1, IsPro: 0

 COMMAND LINE ARGUMENTS:
F:\UnityInstalls\2020.3.5f1\Editor\Unity.exe
-adb2
-batchMode
-noUpm
-name
AssetImportWorker1
-projectPath
F:/git_repos/ChildOfAtlantis
-logFile
Logs/AssetImportWorker1.log
-srvPort
56007
Successfully changed project path to: F:/git_repos/ChildOfAtlantis
F:/git_repos/ChildOfAtlantis
Using Asset Import Pipeline V2.
Refreshing native plugins compatible for Editor in 125.80 ms, found 1 plugins.
Preloading 0 native plugins for Editor in 0.00 ms.
Initialize engine version: 2020.3.5f1 (8095aa901b9b)
[Subsystems] Discovering subsystems at path F:/UnityInstalls/2020.3.5f1/Editor/Data/Resources/UnitySubsystems
[Subsystems] Discovering subsystems at path F:/git_repos/ChildOfAtlantis/Assets
GfxDevice: creating device client; threaded=0
Direct3D:
    Version:  Direct3D 11.0 [level 11.1]
    Renderer: NVIDIA GeForce RTX 3080 (ID=0x2206)
    Vendor:   
    VRAM:     10077 MB
    Driver:   27.21.14.6589
Shader 'Universal Render Pipeline/Particles/Lit': fallback shader 'Universal Render Pipeline/Particles/SimpleLit' not found
Initialize mono
Mono path[0] = 'F:/UnityInstalls/2020.3.5f1/Editor/Data/Managed'
Mono path[1] = 'F:/UnityInstalls/2020.3.5f1/Editor/Data/MonoBleedingEdge/lib/mono/unityjit'
Mono config path = 'F:/UnityInstalls/2020.3.5f1/Editor/Data/MonoBleedingEdge/etc'
Using monoOptions --debugger-agent=transport=dt_socket,embedding=1,server=y,suspend=n,address=127.0.0.1:56696
Begin MonoManager ReloadAssembly
Registering precompiled unity dll's ...
Register platform support module: F:/UnityInstalls/2020.3.5f1/Editor/Data/PlaybackEngines/WebGLSupport/UnityEditor.WebGL.Extensions.dll
Register platform support module: F:/UnityInstalls/2020.3.5f1/Editor/Data/PlaybackEngines/WindowsStandaloneSupport/UnityEditor.WindowsStandalone.Extensions.dll
Registered in 0.001629 seconds.
Native extension for WindowsStandalone target not found
Native extension for WebGL target not found
Refreshing native plugins compatible for Editor in 93.57 ms, found 1 plugins.
Preloading 0 native plugins for Editor in 0.00 ms.
Mono: successfully reloaded assembly
- Completed reload, in  1.721 seconds
Platform modules already initialized, skipping
Registering precompiled user dll's ...
Registered in 0.004097 seconds.
Begin MonoManager ReloadAssembly
Native extension for WindowsStandalone target not found
Native extension for WebGL target not found
Refreshing native plugins compatible for Editor in 78.41 ms, found 1 plugins.
Preloading 0 native plugins for Editor in 0.00 ms.
Mono: successfully reloaded assembly
- Completed reload, in  1.611 seconds
Platform modules already initialized, skipping
========================================================================
Worker process is ready to serve import requests
Shader 'Universal Render Pipeline/Particles/Lit': fallback shader 'Universal Render Pipeline/Particles/SimpleLit' not found
Launched and connected shader compiler UnityShaderCompiler.exe after 0.20 seconds
Refreshing native plugins compatible for Editor in 1.00 ms, found 1 plugins.
Preloading 0 native plugins for Editor in 0.00 ms.
Unloading 2973 Unused Serialized files (Serialized files now loaded: 0)
System memory in use before: 132.1 MB.
System memory in use after: 132.1 MB.

Unloading 25 unused Assets to reduce memory usage. Loaded Objects now: 3419.
Total: 6.506600 ms (FindLiveObjects: 2.260900 ms CreateObjectMapping: 0.637300 ms MarkObjects: 3.396400 ms  DeleteObjects: 0.209200 ms)

========================================================================
Received Import Request.
  path: Assets/Prefabs/Tube Fish.prefab
  artifactKey: Guid(eedf814040d0205438572f9971f22681) Importer(815301076,1909f56bfc062723c751e8b465ee728b)
Start importing Assets/Prefabs/Tube Fish.prefab using Guid(eedf814040d0205438572f9971f22681) Importer(815301076,1909f56bfc062723c751e8b465ee728b)  -> (artifact id: '19a185cbcab73a67823d7b920433e8c6') in 0.470293 seconds
  Import took 0.480922 seconds .

========================================================================
Received Prepare
Shader 'Universal Render Pipeline/Particles/Lit': fallback shader 'Universal Render Pipeline/Particles/SimpleLit' not found
Refreshing native plugins compatible for Editor in 2.17 ms, found 1 plugins.
Preloading 0 native plugins for Editor in 0.00 ms.
Unloading 11 Unused Serialized files (Serialized files now loaded: 0)
System memory in use before: 73.2 MB.
System memory in use after: 73.3 MB.

Unloading 11 unused Assets to reduce memory usage. Loaded Objects now: 3492.
Total: 7.072400 ms (FindLiveObjects: 0.621000 ms CreateObjectMapping: 0.454200 ms MarkObjects: 5.464500 ms  DeleteObjects: 0.529700 ms)

========================================================================
Received Import Request.
  Time since last request: 76.692481 seconds.
  path: Assets/Prefabs/PufferProjectile.prefab
  artifactKey: Guid(345f00be063328a408d89866ec186a9b) Importer(815301076,1909f56bfc062723c751e8b465ee728b)
Start importing Assets/Prefabs/PufferProjectile.prefab using Guid(345f00be063328a408d89866ec186a9b) Importer(815301076,1909f56bfc062723c751e8b465ee728b)  -> (artifact id: '7eac1a8753106cce6eb97efc4bc2e7df') in 0.023093 seconds
  Import took 0.040271 seconds .

========================================================================
Received Import Request.
  Time since last request: 7.790653 seconds.
  path: Assets/Prefabs/PufferProjectile.prefab
  artifactKey: Guid(345f00be063328a408d89866ec186a9b) Importer(815301076,1909f56bfc062723c751e8b465ee728b)
Start importing Assets/Prefabs/PufferProjectile.prefab using Guid(345f00be063328a408d89866ec186a9b) Importer(815301076,1909f56bfc062723c751e8b465ee728b)  -> (artifact id: '783102b649bb5779c834bb1c8e936bea') in 0.027137 seconds
  Import took 0.043001 seconds .

========================================================================
Received Import Request.
  Time since last request: 4.216391 seconds.
  path: Assets/Prefabs/PufferProjectile.prefab
  artifactKey: Guid(345f00be063328a408d89866ec186a9b) Importer(815301076,1909f56bfc062723c751e8b465ee728b)
Start importing Assets/Prefabs/PufferProjectile.prefab using Guid(345f00be063328a408d89866ec186a9b) Importer(815301076,1909f56bfc062723c751e8b465ee728b)  -> (artifact id: '9a4f61a3adf8ca52e8ac71870f8b75af') in 0.015423 seconds
  Import took 0.026535 seconds .

========================================================================
Received Import Request.
  Time since last request: 2.747276 seconds.
  path: Assets/Prefabs/PufferProjectile.prefab
  artifactKey: Guid(345f00be063328a408d89866ec186a9b) Importer(815301076,1909f56bfc062723c751e8b465ee728b)
Start importing Assets/Prefabs/PufferProjectile.prefab using Guid(345f00be063328a408d89866ec186a9b) Importer(815301076,1909f56bfc062723c751e8b465ee728b)  -> (artifact id: '15ab0b98d52fdc77c5be473857b4b2a3') in 0.033772 seconds
  Import took 0.058188 seconds .

========================================================================
Received Import Request.
  Time since last request: 7.226916 seconds.
  path: Assets/Prefabs/PufferProjectile.prefab
  artifactKey: Guid(345f00be063328a408d89866ec186a9b) Importer(815301076,1909f56bfc062723c751e8b465ee728b)
Start importing Assets/Prefabs/PufferProjectile.prefab using Guid(345f00be063328a408d89866ec186a9b) Importer(815301076,1909f56bfc062723c751e8b465ee728b)  -> (artifact id: '61d5ccc98ddaa617fc463a63549f2999') in 0.035211 seconds
  Import took 0.058019 seconds .

========================================================================
Received Import Request.
  Time since last request: 2.638784 seconds.
  path: Assets/Prefabs/PufferProjectile.prefab
  artifactKey: Guid(345f00be063328a408d89866ec186a9b) Importer(815301076,1909f56bfc062723c751e8b465ee728b)
Start importing Assets/Prefabs/PufferProjectile.prefab using Guid(345f00be063328a408d89866ec186a9b) Importer(815301076,1909f56bfc062723c751e8b465ee728b)  -> (artifact id: '6a767dd785a4702efdd1f85e218de7a4') in 0.033454 seconds
  Import took 0.058971 seconds .

========================================================================
Received Import Request.
  Time since last request: 7.550159 seconds.
  path: Assets/Prefabs/PufferProjectile.prefab
  artifactKey: Guid(345f00be063328a408d89866ec186a9b) Importer(815301076,1909f56bfc062723c751e8b465ee728b)
Start importing Assets/Prefabs/PufferProjectile.prefab using Guid(345f00be063328a408d89866ec186a9b) Importer(815301076,1909f56bfc062723c751e8b465ee728b)  -> (artifact id: '427c4b8a964c3d6f52143080b5b57adf') in 0.028010 seconds
  Import took 0.037985 seconds .

========================================================================
Received Import Request.
  Time since last request: 5.710962 seconds.
  path: Assets/Prefabs/PufferProjectile.prefab
  artifactKey: Guid(345f00be063328a408d89866ec186a9b) Importer(815301076,1909f56bfc062723c751e8b465ee728b)
Start importing Assets/Prefabs/PufferProjectile.prefab using Guid(345f00be063328a408d89866ec186a9b) Importer(815301076,1909f56bfc062723c751e8b465ee728b)  -> (artifact id: 'de1b9e2705d767162c78e841899e9c31') in 0.018299 seconds
  Import took 0.028816 seconds .

========================================================================
Received Import Request.
  Time since last request: 1.601554 seconds.
  path: Assets/Prefabs/PufferProjectile.prefab
  artifactKey: Guid(345f00be063328a408d89866ec186a9b) Importer(815301076,1909f56bfc062723c751e8b465ee728b)
Start importing Assets/Prefabs/PufferProjectile.prefab using Guid(345f00be063328a408d89866ec186a9b) Importer(815301076,1909f56bfc062723c751e8b465ee728b)  -> (artifact id: '46ea3f26ae8fc0190f5df3a678807e27') in 0.021428 seconds
  Import took 0.059344 seconds .

========================================================================
Received Import Request.
  Time since last request: 2.008174 seconds.
  path: Assets/Prefabs/PufferProjectile.prefab
  artifactKey: Guid(345f00be063328a408d89866ec186a9b) Importer(815301076,1909f56bfc062723c751e8b465ee728b)
Start importing Assets/Prefabs/PufferProjectile.prefab using Guid(345f00be063328a408d89866ec186a9b) Importer(815301076,1909f56bfc062723c751e8b465ee728b)  -> (artifact id: '10cf84b1dcf01e16400ea1cd2851428a') in 0.018958 seconds
  Import took 0.049839 seconds .

========================================================================
Received Import Request.
  Time since last request: 2.521181 seconds.
  path: Assets/Prefabs/PufferProjectile.prefab
  artifactKey: Guid(345f00be063328a408d89866ec186a9b) Importer(815301076,1909f56bfc062723c751e8b465ee728b)
Start importing Assets/Prefabs/PufferProjectile.prefab using Guid(345f00be063328a408d89866ec186a9b) Importer(815301076,1909f56bfc062723c751e8b465ee728b)  -> (artifact id: '9275e217c694109ad3339b9a43644ab5') in 0.014531 seconds
  Import took 0.036578 seconds .

========================================================================
Received Import Request.
  Time since last request: 4.268175 seconds.
  path: Assets/Prefabs/PufferProjectile.prefab
  artifactKey: Guid(345f00be063328a408d89866ec186a9b) Importer(815301076,1909f56bfc062723c751e8b465ee728b)
Start importing Assets/Prefabs/PufferProjectile.prefab using Guid(345f00be063328a408d89866ec186a9b) Importer(815301076,1909f56bfc062723c751e8b465ee728b)  -> (artifact id: 'f9d96f5e34bbb64ab70449ddbd2bab15') in 0.013433 seconds
  Import took 0.046372 seconds .

========================================================================
Received Import Request.
  Time since last request: 2.248851 seconds.
  path: Assets/Prefabs/PufferProjectile.prefab
  artifactKey: Guid(345f00be063328a408d89866ec186a9b) Importer(815301076,1909f56bfc062723c751e8b465ee728b)
Start importing Assets/Prefabs/PufferProjectile.prefab using Guid(345f00be063328a408d89866ec186a9b) Importer(815301076,1909f56bfc062723c751e8b465ee728b)  -> (artifact id: '63581aaf5788b542abeb4aff69557488') in 0.015362 seconds
  Import took 0.026586 seconds .

========================================================================
Received Import Request.
  Time since last request: 3.884508 seconds.
  path: Assets/Prefabs/PufferProjectile.prefab
  artifactKey: Guid(345f00be063328a408d89866ec186a9b) Importer(815301076,1909f56bfc062723c751e8b465ee728b)
Start importing Assets/Prefabs/PufferProjectile.prefab using Guid(345f00be063328a408d89866ec186a9b) Importer(815301076,1909f56bfc062723c751e8b465ee728b)  -> (artifact id: '96d4270877eeb3a82273a6e91ddb2eae') in 0.028523 seconds
  Import took 0.048353 seconds .

========================================================================
Received Import Request.
  Time since last request: 9.557615 seconds.
  path: Assets/Prefabs/PufferProjectile.prefab
  artifactKey: Guid(345f00be063328a408d89866ec186a9b) Importer(815301076,1909f56bfc062723c751e8b465ee728b)
Start importing Assets/Prefabs/PufferProjectile.prefab using Guid(345f00be063328a408d89866ec186a9b) Importer(815301076,1909f56bfc062723c751e8b465ee728b)  -> (artifact id: '7138e87cdea33e1d8f5d9a8fe8089b54') in 0.033268 seconds
  Import took 0.082941 seconds .

========================================================================
Received Import Request.
  Time since last request: 26.095677 seconds.
  path: Assets/Prefabs/PufferFish.prefab
  artifactKey: Guid(c135051fa4c9baf43b30a7c4931d1209) Importer(815301076,1909f56bfc062723c751e8b465ee728b)
Start importing Assets/Prefabs/PufferFish.prefab using Guid(c135051fa4c9baf43b30a7c4931d1209) Importer(815301076,1909f56bfc062723c751e8b465ee728b)  -> (artifact id: '3a769d8346d60e9eea6c1086488395a4') in 0.048829 seconds
  Import took 0.070707 seconds .

========================================================================
Received Prepare
Registering precompiled user dll's ...
Registered in 0.003081 seconds.
Begin MonoManager ReloadAssembly
Native extension for WindowsStandalone target not found
Native extension for WebGL target not found
Refreshing native plugins compatible for Editor in 1.70 ms, found 1 plugins.
Preloading 0 native plugins for Editor in 0.00 ms.
Mono: successfully reloaded assembly
- Completed reload, in  1.734 seconds
Platform modules already initialized, skipping
Shader 'Universal Render Pipeline/Particles/Lit': fallback shader 'Universal Render Pipeline/Particles/SimpleLit' not found
Refreshing native plugins compatible for Editor in 2.83 ms, found 1 plugins.
Preloading 0 native plugins for Editor in 0.00 ms.
Unloading 2864 Unused Serialized files (Serialized files now loaded: 0)
System memory in use before: 130.3 MB.
System memory in use after: 130.3 MB.

Unloading 13 unused Assets to reduce memory usage. Loaded Objects now: 3469.
Total: 6.717600 ms (FindLiveObjects: 0.844000 ms CreateObjectMapping: 0.393100 ms MarkObjects: 5.238300 ms  DeleteObjects: 0.239100 ms)

========================================================================
Received Prepare
Registering precompiled user dll's ...
Registered in 0.002551 seconds.
Begin MonoManager ReloadAssembly
Native extension for WindowsStandalone target not found
Native extension for WebGL target not found
Refreshing native plugins compatible for Editor in 0.95 ms, found 1 plugins.
Preloading 0 native plugins for Editor in 0.00 ms.
Mono: successfully reloaded assembly
- Completed reload, in  1.602 seconds
Platform modules already initialized, skipping
Shader 'Universal Render Pipeline/Particles/Lit': fallback shader 'Universal Render Pipeline/Particles/SimpleLit' not found
Refreshing native plugins compatible for Editor in 1.39 ms, found 1 plugins.
Preloading 0 native plugins for Editor in 0.00 ms.
Unloading 2864 Unused Serialized files (Serialized files now loaded: 0)
System memory in use before: 130.3 MB.
System memory in use after: 130.4 MB.

Unloading 13 unused Assets to reduce memory usage. Loaded Objects now: 3473.
Total: 4.978400 ms (FindLiveObjects: 0.716300 ms CreateObjectMapping: 0.294300 ms MarkObjects: 3.808300 ms  DeleteObjects: 0.157600 ms)

========================================================================
Received Prepare
Registering precompiled user dll's ...
Registered in 0.001938 seconds.
Begin MonoManager ReloadAssembly
Native extension for WindowsStandalone target not found
Native extension for WebGL target not found
Refreshing native plugins compatible for Editor in 0.89 ms, found 1 plugins.
Preloading 0 native plugins for Editor in 0.00 ms.
Mono: successfully reloaded assembly
- Completed reload, in  1.455 seconds
Platform modules already initialized, skipping
Shader 'Universal Render Pipeline/Particles/Lit': fallback shader 'Universal Render Pipeline/Particles/SimpleLit' not found
Refreshing native plugins compatible for Editor in 1.12 ms, found 1 plugins.
Preloading 0 native plugins for Editor in 0.00 ms.
Unloading 2864 Unused Serialized files (Serialized files now loaded: 0)
System memory in use before: 130.3 MB.
System memory in use after: 130.4 MB.

Unloading 13 unused Assets to reduce memory usage. Loaded Objects now: 3477.
Total: 5.434600 ms (FindLiveObjects: 0.503900 ms CreateObjectMapping: 0.536400 ms MarkObjects: 4.116900 ms  DeleteObjects: 0.274200 ms)

========================================================================
Received Prepare
Registering precompiled user dll's ...
Registered in 0.001244 seconds.
Begin MonoManager ReloadAssembly
Native extension for WindowsStandalone target not found
Native extension for WebGL target not found
Refreshing native plugins compatible for Editor in 1.02 ms, found 1 plugins.
Preloading 0 native plugins for Editor in 0.00 ms.
Mono: successfully reloaded assembly
- Completed reload, in  1.616 seconds
Platform modules already initialized, skipping
Shader 'Universal Render Pipeline/Particles/Lit': fallback shader 'Universal Render Pipeline/Particles/SimpleLit' not found
Refreshing native plugins compatible for Editor in 2.69 ms, found 1 plugins.
Preloading 0 native plugins for Editor in 0.00 ms.
Unloading 2864 Unused Serialized files (Serialized files now loaded: 0)
System memory in use before: 130.4 MB.
System memory in use after: 130.5 MB.

Unloading 13 unused Assets to reduce memory usage. Loaded Objects now: 3481.
Total: 3.581000 ms (FindLiveObjects: 0.743600 ms CreateObjectMapping: 0.275300 ms MarkObjects: 2.449200 ms  DeleteObjects: 0.110600 ms)

========================================================================
Received Import Request.
  Time since last request: 468.893884 seconds.
  path: Assets/Prefabs/kelp.prefab
  artifactKey: Guid(d8c0b687ca393e044a0fdf1fbc336d2f) Importer(815301076,1909f56bfc062723c751e8b465ee728b)
Start importing Assets/Prefabs/kelp.prefab using Guid(d8c0b687ca393e044a0fdf1fbc336d2f) Importer(815301076,1909f56bfc062723c751e8b465ee728b)  -> (artifact id: 'b13c0c12a224c9662295f8c60679a7ae') in 0.235784 seconds
  Import took 0.250485 seconds .

========================================================================
Received Import Request.
  Time since last request: 196.597441 seconds.
  path: Assets/Art/Objects/CoA- rope 1.png
  artifactKey: Guid(1c3363c4ca15f4146a35cf710dedb8e7) Importer(815301076,1909f56bfc062723c751e8b465ee728b)
Start importing Assets/Art/Objects/CoA- rope 1.png using Guid(1c3363c4ca15f4146a35cf710dedb8e7) Importer(815301076,1909f56bfc062723c751e8b465ee728b)  -> (artifact id: '448a3be57d8a6d314780f7a2d7143ddf') in 0.084204 seconds
  Import took 0.102346 seconds .

========================================================================
Received Import Request.
  Time since last request: 64.447789 seconds.
  path: Assets/Prefabs/Metal-02.prefab
  artifactKey: Guid(d099791b9fb498b459933794871130ad) Importer(815301076,1909f56bfc062723c751e8b465ee728b)
Start importing Assets/Prefabs/Metal-02.prefab using Guid(d099791b9fb498b459933794871130ad) Importer(815301076,1909f56bfc062723c751e8b465ee728b)  -> (artifact id: 'e42b88d9f31ff5cc69e8b43aebc474cd') in 0.026144 seconds
  Import took 0.041417 seconds .

========================================================================
Received Import Request.
  Time since last request: 0.038511 seconds.
  path: Assets/Prefabs/Metal-02.prefab
  artifactKey: Guid(d099791b9fb498b459933794871130ad) Importer(815301076,1909f56bfc062723c751e8b465ee728b)
Start importing Assets/Prefabs/Metal-02.prefab using Guid(d099791b9fb498b459933794871130ad) Importer(815301076,1909f56bfc062723c751e8b465ee728b)  -> (artifact id: 'e42b88d9f31ff5cc69e8b43aebc474cd') in 0.021419 seconds
  Import took 0.031176 seconds .

========================================================================
Received Import Request.
  Time since last request: 1.568969 seconds.
  path: Assets/Prefabs/woodenboards-01.prefab
  artifactKey: Guid(9ccd2dfa74d381f47a22d35354d901e7) Importer(815301076,1909f56bfc062723c751e8b465ee728b)
Start importing Assets/Prefabs/woodenboards-01.prefab using Guid(9ccd2dfa74d381f47a22d35354d901e7) Importer(815301076,1909f56bfc062723c751e8b465ee728b)  -> (artifact id: '8d7b5eeb3f3637b05aa74525d4a5fd82') in 0.034211 seconds
  Import took 0.051018 seconds .

========================================================================
Received Import Request.
  Time since last request: 0.045553 seconds.
  path: Assets/Prefabs/woodenboards-01.prefab
  artifactKey: Guid(9ccd2dfa74d381f47a22d35354d901e7) Importer(815301076,1909f56bfc062723c751e8b465ee728b)
Start importing Assets/Prefabs/woodenboards-01.prefab using Guid(9ccd2dfa74d381f47a22d35354d901e7) Importer(815301076,1909f56bfc062723c751e8b465ee728b)  -> (artifact id: '8d7b5eeb3f3637b05aa74525d4a5fd82') in 0.033288 seconds
  Import took 0.044499 seconds .

========================================================================
Received Import Request.
  Time since last request: 1.270149 seconds.
  path: Assets/Prefabs/CoA- rope 1.prefab
  artifactKey: Guid(1f0afa3f3a01161408e729c951f505d8) Importer(815301076,1909f56bfc062723c751e8b465ee728b)
Start importing Assets/Prefabs/CoA- rope 1.prefab using Guid(1f0afa3f3a01161408e729c951f505d8) Importer(815301076,1909f56bfc062723c751e8b465ee728b)  -> (artifact id: '4d3687beaa974df60ad947c06ce21246') in 0.020091 seconds
  Import took 0.037724 seconds .

========================================================================
Received Import Request.
  Time since last request: 0.046840 seconds.
  path: Assets/Prefabs/CoA- rope 1.prefab
  artifactKey: Guid(1f0afa3f3a01161408e729c951f505d8) Importer(815301076,1909f56bfc062723c751e8b465ee728b)
Start importing Assets/Prefabs/CoA- rope 1.prefab using Guid(1f0afa3f3a01161408e729c951f505d8) Importer(815301076,1909f56bfc062723c751e8b465ee728b)  -> (artifact id: '4d3687beaa974df60ad947c06ce21246') in 0.027201 seconds
  Import took 0.058572 seconds .

========================================================================
Received Prepare
Registering precompiled user dll's ...
Registered in 0.002600 seconds.
Begin MonoManager ReloadAssembly
Native extension for WindowsStandalone target not found
Native extension for WebGL target not found
Refreshing native plugins compatible for Editor in 0.75 ms, found 1 plugins.
Preloading 0 native plugins for Editor in 0.00 ms.
Mono: successfully reloaded assembly
- Completed reload, in  1.849 seconds
Platform modules already initialized, skipping
Shader 'Universal Render Pipeline/Particles/Lit': fallback shader 'Universal Render Pipeline/Particles/SimpleLit' not found
Refreshing native plugins compatible for Editor in 2.57 ms, found 1 plugins.
Preloading 0 native plugins for Editor in 0.00 ms.
Unloading 2864 Unused Serialized files (Serialized files now loaded: 0)
System memory in use before: 130.5 MB.
System memory in use after: 130.6 MB.

Unloading 13 unused Assets to reduce memory usage. Loaded Objects now: 3524.
Total: 11.134400 ms (FindLiveObjects: 0.943000 ms CreateObjectMapping: 0.403600 ms MarkObjects: 9.466500 ms  DeleteObjects: 0.318000 ms)

========================================================================
Received Prepare
Registering precompiled user dll's ...
Registered in 0.002963 seconds.
Begin MonoManager ReloadAssembly
Native extension for WindowsStandalone target not found
Native extension for WebGL target not found
Refreshing native plugins compatible for Editor in 1.69 ms, found 1 plugins.
Preloading 0 native plugins for Editor in 0.00 ms.
Mono: successfully reloaded assembly
- Completed reload, in  9.438 seconds
Platform modules already initialized, skipping
Shader 'Universal Render Pipeline/Particles/Lit': fallback shader 'Universal Render Pipeline/Particles/SimpleLit' not found
Refreshing native plugins compatible for Editor in 1.12 ms, found 1 plugins.
Preloading 0 native plugins for Editor in 0.00 ms.
Unloading 2864 Unused Serialized files (Serialized files now loaded: 0)
System memory in use before: 130.6 MB.
System memory in use after: 130.6 MB.

Unloading 13 unused Assets to reduce memory usage. Loaded Objects now: 3528.
Total: 6.747700 ms (FindLiveObjects: 1.014800 ms CreateObjectMapping: 0.381500 ms MarkObjects: 4.959100 ms  DeleteObjects: 0.389500 ms)

========================================================================
Received Prepare
Shader 'Universal Render Pipeline/Particles/Lit': fallback shader 'Universal Render Pipeline/Particles/SimpleLit' not found
Refreshing native plugins compatible for Editor in 1.75 ms, found 1 plugins.
Preloading 0 native plugins for Editor in 0.00 ms.
Unloading 11 Unused Serialized files (Serialized files now loaded: 0)
System memory in use before: 74.3 MB.
System memory in use after: 74.4 MB.

Unloading 11 unused Assets to reduce memory usage. Loaded Objects now: 3528.
Total: 5.146700 ms (FindLiveObjects: 1.256200 ms CreateObjectMapping: 0.579000 ms MarkObjects: 3.182300 ms  DeleteObjects: 0.125600 ms)

========================================================================
Received Prepare
Registering precompiled user dll's ...
Registered in 0.002293 seconds.
Begin MonoManager ReloadAssembly
Native extension for WindowsStandalone target not found
Native extension for WebGL target not found
Refreshing native plugins compatible for Editor in 0.90 ms, found 1 plugins.
Preloading 0 native plugins for Editor in 0.00 ms.
Mono: successfully reloaded assembly
- Completed reload, in  1.533 seconds
Platform modules already initialized, skipping
Shader 'Universal Render Pipeline/Particles/Lit': fallback shader 'Universal Render Pipeline/Particles/SimpleLit' not found
Refreshing native plugins compatible for Editor in 0.91 ms, found 1 plugins.
Preloading 0 native plugins for Editor in 0.00 ms.
Unloading 2864 Unused Serialized files (Serialized files now loaded: 0)
System memory in use before: 130.6 MB.
System memory in use after: 130.7 MB.

Unloading 13 unused Assets to reduce memory usage. Loaded Objects now: 3532.
Total: 3.989400 ms (FindLiveObjects: 0.552500 ms CreateObjectMapping: 0.221900 ms MarkObjects: 3.041300 ms  DeleteObjects: 0.171600 ms)

========================================================================
Received Prepare
Registering precompiled user dll's ...
Registered in 0.002353 seconds.
Begin MonoManager ReloadAssembly
Native extension for WindowsStandalone target not found
Native extension for WebGL target not found
Refreshing native plugins compatible for Editor in 1.34 ms, found 1 plugins.
Preloading 0 native plugins for Editor in 0.00 ms.
Mono: successfully reloaded assembly
- Completed reload, in  7.515 seconds
Platform modules already initialized, skipping
Shader 'Universal Render Pipeline/Particles/Lit': fallback shader 'Universal Render Pipeline/Particles/SimpleLit' not found
Refreshing native plugins compatible for Editor in 1.50 ms, found 1 plugins.
Preloading 0 native plugins for Editor in 0.00 ms.
Unloading 2864 Unused Serialized files (Serialized files now loaded: 0)
System memory in use before: 130.6 MB.
System memory in use after: 130.7 MB.

Unloading 13 unused Assets to reduce memory usage. Loaded Objects now: 3536.
Total: 7.977000 ms (FindLiveObjects: 0.498500 ms CreateObjectMapping: 0.304400 ms MarkObjects: 6.566300 ms  DeleteObjects: 0.604700 ms)

========================================================================
Received Prepare
Shader 'Universal Render Pipeline/Particles/Lit': fallback shader 'Universal Render Pipeline/Particles/SimpleLit' not found
Refreshing native plugins compatible for Editor in 2.46 ms, found 1 plugins.
Preloading 0 native plugins for Editor in 0.00 ms.
Unloading 11 Unused Serialized files (Serialized files now loaded: 0)
System memory in use before: 74.3 MB.
System memory in use after: 74.4 MB.

Unloading 11 unused Assets to reduce memory usage. Loaded Objects now: 3536.
Total: 5.031400 ms (FindLiveObjects: 1.209200 ms CreateObjectMapping: 0.684500 ms MarkObjects: 3.011200 ms  DeleteObjects: 0.124500 ms)

========================================================================
Received Prepare
Registering precompiled user dll's ...
Registered in 0.006817 seconds.
Begin MonoManager ReloadAssembly
Native extension for WindowsStandalone target not found
Native extension for WebGL target not found
Refreshing native plugins compatible for Editor in 1.55 ms, found 1 plugins.
Preloading 0 native plugins for Editor in 0.00 ms.
Mono: successfully reloaded assembly
- Completed reload, in  2.168 seconds
Platform modules already initialized, skipping
Shader 'Universal Render Pipeline/Particles/Lit': fallback shader 'Universal Render Pipeline/Particles/SimpleLit' not found
Refreshing native plugins compatible for Editor in 1.83 ms, found 1 plugins.
Preloading 0 native plugins for Editor in 0.00 ms.
Unloading 2864 Unused Serialized files (Serialized files now loaded: 0)
System memory in use before: 130.6 MB.
System memory in use after: 130.7 MB.

Unloading 13 unused Assets to reduce memory usage. Loaded Objects now: 3540.
Total: 7.202700 ms (FindLiveObjects: 1.289500 ms CreateObjectMapping: 0.997900 ms MarkObjects: 4.753700 ms  DeleteObjects: 0.159300 ms)

========================================================================
Received Prepare
Shader 'Universal Render Pipeline/Particles/Lit': fallback shader 'Universal Render Pipeline/Particles/SimpleLit' not found
Refreshing native plugins compatible for Editor in 30.91 ms, found 1 plugins.
Preloading 0 native plugins for Editor in 0.00 ms.
Unloading 11 Unused Serialized files (Serialized files now loaded: 0)
System memory in use before: 74.3 MB.
System memory in use after: 74.4 MB.

Unloading 11 unused Assets to reduce memory usage. Loaded Objects now: 3540.
Total: 34.818300 ms (FindLiveObjects: 13.646300 ms CreateObjectMapping: 0.735900 ms MarkObjects: 19.076400 ms  DeleteObjects: 1.355500 ms)

========================================================================
Received Prepare
Shader 'Universal Render Pipeline/Particles/Lit': fallback shader 'Universal Render Pipeline/Particles/SimpleLit' not found
Refreshing native plugins compatible for Editor in 11.37 ms, found 1 plugins.
Preloading 0 native plugins for Editor in 0.00 ms.
Unloading 11 Unused Serialized files (Serialized files now loaded: 0)
System memory in use before: 74.3 MB.
System memory in use after: 74.4 MB.

Unloading 11 unused Assets to reduce memory usage. Loaded Objects now: 3540.
Total: 11.585700 ms (FindLiveObjects: 1.517800 ms CreateObjectMapping: 0.804400 ms MarkObjects: 8.759200 ms  DeleteObjects: 0.498800 ms)

========================================================================
Received Import Request.
  Time since last request: 2469.231114 seconds.
  path: Assets/Art/Objects/angler-01 1.png
  artifactKey: Guid(c55cb1908e4d24147826fce8511677ec) Importer(815301076,1909f56bfc062723c751e8b465ee728b)
Start importing Assets/Art/Objects/angler-01 1.png using Guid(c55cb1908e4d24147826fce8511677ec) Importer(815301076,1909f56bfc062723c751e8b465ee728b)  -> (artifact id: 'c03bd23c0381e9dac14324c810e0038a') in 0.431849 seconds
  Import took 0.463200 seconds .

========================================================================
Received Import Request.
  Time since last request: 0.000434 seconds.
  path: Assets/Art/Objects/tube-fish.png
  artifactKey: Guid(37b31f0f8946f4042b24e02d725a011f) Importer(815301076,1909f56bfc062723c751e8b465ee728b)
Start importing Assets/Art/Objects/tube-fish.png using Guid(37b31f0f8946f4042b24e02d725a011f) Importer(815301076,1909f56bfc062723c751e8b465ee728b)  -> (artifact id: 'd8c6eaea97f3acffeb7bc03d316a148b') in 0.060568 seconds
  Import took 0.086531 seconds .

========================================================================
Received Import Request.
  Time since last request: 0.001116 seconds.
  path: Assets/Art/Objects/driftwood-01.png
  artifactKey: Guid(adcc34f8c53a9f74c8dd0e1125259766) Importer(815301076,1909f56bfc062723c751e8b465ee728b)
Start importing Assets/Art/Objects/driftwood-01.png using Guid(adcc34f8c53a9f74c8dd0e1125259766) Importer(815301076,1909f56bfc062723c751e8b465ee728b)  -> (artifact id: 'd08f4f8ebafba05b43e73937a979a47d') in 0.086569 seconds
  Import took 0.145994 seconds .

========================================================================
Received Import Request.
  Time since last request: 0.000327 seconds.
  path: Assets/Art/Objects/CoA-Relic-Heart.png
  artifactKey: Guid(bc1cb894caf09454b91408f6d8211e28) Importer(815301076,1909f56bfc062723c751e8b465ee728b)
Start importing Assets/Art/Objects/CoA-Relic-Heart.png using Guid(bc1cb894caf09454b91408f6d8211e28) Importer(815301076,1909f56bfc062723c751e8b465ee728b)  -> (artifact id: '96b0d726eac47901d1a9fd5f6a4e6324') in 0.057136 seconds
  Import took 0.081836 seconds .

========================================================================
Received Import Request.
  Time since last request: 0.000458 seconds.
  path: Assets/Art/Objects/Building UI-woodplanks.png
  artifactKey: Guid(96eebdcbc8ad4654fb9c16ad34ace829) Importer(815301076,1909f56bfc062723c751e8b465ee728b)
Start importing Assets/Art/Objects/Building UI-woodplanks.png using Guid(96eebdcbc8ad4654fb9c16ad34ace829) Importer(815301076,1909f56bfc062723c751e8b465ee728b)  -> (artifact id: '7ab4b59dadfbd3150575efb572edd4fd') in 0.040707 seconds
  Import took 0.065319 seconds .

========================================================================
Received Import Request.
  Time since last request: 0.003583 seconds.
  path: Assets/Art/Objects/Puffer Fish.png
  artifactKey: Guid(c8ce129bb486ad948ad098c656e87fbd) Importer(815301076,1909f56bfc062723c751e8b465ee728b)
Start importing Assets/Art/Objects/Puffer Fish.png using Guid(c8ce129bb486ad948ad098c656e87fbd) Importer(815301076,1909f56bfc062723c751e8b465ee728b)  -> (artifact id: '52d1ba88ed6feee2d852f9f3c8954dcf') in 0.053718 seconds
  Import took 0.091472 seconds .

========================================================================
Received Import Request.
  Time since last request: 0.000474 seconds.
  path: Assets/Art/Objects/CoA-Seaweed-v2.png
  artifactKey: Guid(5834fa00319c3b444b2f961227efe990) Importer(815301076,1909f56bfc062723c751e8b465ee728b)
Start importing Assets/Art/Objects/CoA-Seaweed-v2.png using Guid(5834fa00319c3b444b2f961227efe990) Importer(815301076,1909f56bfc062723c751e8b465ee728b)  -> (artifact id: 'd7a4fe74508ad7bfd05c5246c706d476') in 0.061352 seconds
  Import took 0.106737 seconds .

========================================================================
Received Import Request.
  Time since last request: 0.000889 seconds.
  path: Assets/Art/Objects/Building UI-Seaweed.png
  artifactKey: Guid(76984331d4801464cbd66ed7a93a1341) Importer(815301076,1909f56bfc062723c751e8b465ee728b)
Start importing Assets/Art/Objects/Building UI-Seaweed.png using Guid(76984331d4801464cbd66ed7a93a1341) Importer(815301076,1909f56bfc062723c751e8b465ee728b)  -> (artifact id: 'eab7990c141269d7b5f6482de7209975') in 0.032048 seconds
  Import took 0.044384 seconds .

========================================================================
Received Import Request.
  Time since last request: 0.000231 seconds.
  path: Assets/Art/Objects/raft-02.png
  artifactKey: Guid(ec2996aa9af502e41a8e97877d3c8743) Importer(815301076,1909f56bfc062723c751e8b465ee728b)
Start importing Assets/Art/Objects/raft-02.png using Guid(ec2996aa9af502e41a8e97877d3c8743) Importer(815301076,1909f56bfc062723c751e8b465ee728b)  -> (artifact id: '5801f21d2e74b94d73f4462a51f388df') in 0.055761 seconds
  Import took 0.081792 seconds .

========================================================================
Received Import Request.
  Time since last request: 0.000298 seconds.
  path: Assets/Art/Objects/pearl.png
  artifactKey: Guid(375663fa6cdb0464a8d37952cc83715e) Importer(815301076,1909f56bfc062723c751e8b465ee728b)
Start importing Assets/Art/Objects/pearl.png using Guid(375663fa6cdb0464a8d37952cc83715e) Importer(815301076,1909f56bfc062723c751e8b465ee728b)  -> (artifact id: '018bdf0401f997ade420793daa3faf37') in 0.036374 seconds
  Import took 0.053826 seconds .

========================================================================
Received Import Request.
  Time since last request: 0.001063 seconds.
  path: Assets/Art/Objects/bubble.png
  artifactKey: Guid(80e8b11af850d284f99fb107cac27677) Importer(815301076,1909f56bfc062723c751e8b465ee728b)
Start importing Assets/Art/Objects/bubble.png using Guid(80e8b11af850d284f99fb107cac27677) Importer(815301076,1909f56bfc062723c751e8b465ee728b)  -> (artifact id: '2d48bc6c2d8c3edf62b235c69e7e4eb5') in 0.043185 seconds
  Import took 0.056353 seconds .

========================================================================
Received Import Request.
  Time since last request: 0.000356 seconds.
  path: Assets/Art/Objects/Building UI-kelp.png
  artifactKey: Guid(7045cd8b4584313489723b1e1f2819af) Importer(815301076,1909f56bfc062723c751e8b465ee728b)
Start importing Assets/Art/Objects/Building UI-kelp.png using Guid(7045cd8b4584313489723b1e1f2819af) Importer(815301076,1909f56bfc062723c751e8b465ee728b)  -> (artifact id: 'afb8fd6e2ef2dfff5674ff58c6619109') in 0.032448 seconds
  Import took 0.058922 seconds .

========================================================================
Received Import Request.
  Time since last request: 0.000122 seconds.
  path: Assets/Art/Objects/CoA-Shield.png
  artifactKey: Guid(87b37cc8b062fe1438530b459031fe5e) Importer(815301076,1909f56bfc062723c751e8b465ee728b)
Start importing Assets/Art/Objects/CoA-Shield.png using Guid(87b37cc8b062fe1438530b459031fe5e) Importer(815301076,1909f56bfc062723c751e8b465ee728b)  -> (artifact id: '003fe81efe04cf36f1b6efb896e1f65a') in 0.082151 seconds
  Import took 0.128316 seconds .

========================================================================
Received Import Request.
  Time since last request: 0.005164 seconds.
  path: Assets/Art/Objects/arrow.png
  artifactKey: Guid(d73d17e4cfa4da748b1b4f3ecaf4c911) Importer(815301076,1909f56bfc062723c751e8b465ee728b)
Start importing Assets/Art/Objects/arrow.png using Guid(d73d17e4cfa4da748b1b4f3ecaf4c911) Importer(815301076,1909f56bfc062723c751e8b465ee728b)  -> (artifact id: 'a7dcf15a0b7502fa6377f61d7cdeb497') in 0.139932 seconds
  Import took 0.159559 seconds .

========================================================================
Received Import Request.
  Time since last request: 0.000437 seconds.
  path: Assets/Art/Objects/fish1-01.png
  artifactKey: Guid(d85c9231b2d8560408e88aca97765d9f) Importer(815301076,1909f56bfc062723c751e8b465ee728b)
Start importing Assets/Art/Objects/fish1-01.png using Guid(d85c9231b2d8560408e88aca97765d9f) Importer(815301076,1909f56bfc062723c751e8b465ee728b)  -> (artifact id: 'fed35d774fcda17d0fee509960e70236') in 0.099877 seconds
  Import took 0.136119 seconds .

========================================================================
Received Import Request.
  Time since last request: 0.000799 seconds.
  path: Assets/Art/Objects/CoA-Heart Full.png
  artifactKey: Guid(18a18f423a4478049a89ae08549c99e2) Importer(815301076,1909f56bfc062723c751e8b465ee728b)
Start importing Assets/Art/Objects/CoA-Heart Full.png using Guid(18a18f423a4478049a89ae08549c99e2) Importer(815301076,1909f56bfc062723c751e8b465ee728b)  -> (artifact id: 'adb0aaf3785e601e73be08f15f3b7570') in 0.060299 seconds
  Import took 0.110817 seconds .

========================================================================
Received Import Request.
  Time since last request: 0.000988 seconds.
  path: Assets/Art/Objects/CoA-Trient.png
  artifactKey: Guid(b5f98dded5b153041a6510fcc82b0212) Importer(815301076,1909f56bfc062723c751e8b465ee728b)
Start importing Assets/Art/Objects/CoA-Trient.png using Guid(b5f98dded5b153041a6510fcc82b0212) Importer(815301076,1909f56bfc062723c751e8b465ee728b)  -> (artifact id: '4aa556b9a2ccedc1cb2206ba1213589d') in 0.038212 seconds
  Import took 0.069221 seconds .

========================================================================
Received Import Request.
  Time since last request: 0.021226 seconds.
  path: Assets/Art/Objects/CoA-Seaweed.png
  artifactKey: Guid(07e292a05c5909f46889358832362317) Importer(815301076,1909f56bfc062723c751e8b465ee728b)
Start importing Assets/Art/Objects/CoA-Seaweed.png using Guid(07e292a05c5909f46889358832362317) Importer(815301076,1909f56bfc062723c751e8b465ee728b)  -> (artifact id: 'd424661bc688ec831ccbd1cadc105c96') in 0.015693 seconds
  Import took 0.051016 seconds .

========================================================================
Received Import Request.
  Time since last request: 0.000376 seconds.
  path: Assets/Art/Objects/kelp.png
  artifactKey: Guid(a7009c955a3e0554fae42620817b212b) Importer(815301076,1909f56bfc062723c751e8b465ee728b)
Start importing Assets/Art/Objects/kelp.png using Guid(a7009c955a3e0554fae42620817b212b) Importer(815301076,1909f56bfc062723c751e8b465ee728b)  -> (artifact id: '29ca3b4b751dced627c1230e43c5c1c3') in 0.061798 seconds
  Import took 0.077250 seconds .

========================================================================
Received Import Request.
  Time since last request: 0.002686 seconds.
  path: Assets/Art/Objects/Angler-Lamp-on.png
  artifactKey: Guid(aae1870dce4463d49a4a1e719fb573cf) Importer(815301076,1909f56bfc062723c751e8b465ee728b)
Start importing Assets/Art/Objects/Angler-Lamp-on.png using Guid(aae1870dce4463d49a4a1e719fb573cf) Importer(815301076,1909f56bfc062723c751e8b465ee728b)  -> (artifact id: 'ec5cdc83213ec01f3cb964210fa33247') in 0.063676 seconds
  Import took 0.082867 seconds .

========================================================================
Received Import Request.
  Time since last request: 0.000205 seconds.
  path: Assets/Art/Objects/pufferfish projectiles.png
  artifactKey: Guid(50ae55305dfd03a46b7c22e86a4cb587) Importer(815301076,1909f56bfc062723c751e8b465ee728b)
Start importing Assets/Art/Objects/pufferfish projectiles.png using Guid(50ae55305dfd03a46b7c22e86a4cb587) Importer(815301076,1909f56bfc062723c751e8b465ee728b)  -> (artifact id: '9e27af41a39703ecf956c0f1792aeaba') in 0.034404 seconds
  Import took 0.072114 seconds .

========================================================================
Received Import Request.
  Time since last request: 0.014691 seconds.
  path: Assets/Art/Objects/CoA-SeaUrchin.png
  artifactKey: Guid(0547c1f8e920b974398ad22add040c4c) Importer(815301076,1909f56bfc062723c751e8b465ee728b)
Start importing Assets/Art/Objects/CoA-SeaUrchin.png using Guid(0547c1f8e920b974398ad22add040c4c) Importer(815301076,1909f56bfc062723c751e8b465ee728b)  -> (artifact id: '717494abbd85443c594b537ab624c1ed') in 0.050562 seconds
  Import took 0.071341 seconds .

========================================================================
Received Import Request.
  Time since last request: 0.001325 seconds.
  path: Assets/Art/Objects/CoA-HeartContainer.png
  artifactKey: Guid(cfbafa91921f4b245bb5129f2fbf5668) Importer(815301076,1909f56bfc062723c751e8b465ee728b)
Start importing Assets/Art/Objects/CoA-HeartContainer.png using Guid(cfbafa91921f4b245bb5129f2fbf5668) Importer(815301076,1909f56bfc062723c751e8b465ee728b)  -> (artifact id: 'b004612e12b983e932fa803f21975a6f') in 0.087485 seconds
  Import took 0.103023 seconds .

========================================================================
Received Import Request.
  Time since last request: 0.000509 seconds.
  path: Assets/Art/Objects/Building UI-rope.png
  artifactKey: Guid(b0d357aa39e53aa47b0cbc15d00b507b) Importer(815301076,1909f56bfc062723c751e8b465ee728b)
Start importing Assets/Art/Objects/Building UI-rope.png using Guid(b0d357aa39e53aa47b0cbc15d00b507b) Importer(815301076,1909f56bfc062723c751e8b465ee728b)  -> (artifact id: '76246edb6784e0fa36b742a82a151e56') in 0.083494 seconds
  Import took 0.117356 seconds .

========================================================================
Received Import Request.
  Time since last request: 0.001347 seconds.
  path: Assets/Art/Objects/Raft-01.png
  artifactKey: Guid(b459c1e3a2ff4bd46bd95040e52a3f10) Importer(815301076,1909f56bfc062723c751e8b465ee728b)
Start importing Assets/Art/Objects/Raft-01.png using Guid(b459c1e3a2ff4bd46bd95040e52a3f10) Importer(815301076,1909f56bfc062723c751e8b465ee728b)  -> (artifact id: 'eac3884ebc3ef8457f6e55b7d5a86403') in 0.039899 seconds
  Import took 0.083999 seconds .

========================================================================
Received Import Request.
  Time since last request: 0.000202 seconds.
  path: Assets/Art/Objects/seashell-01.png
  artifactKey: Guid(5c097a468f1821b42871feb0403a9ca5) Importer(815301076,1909f56bfc062723c751e8b465ee728b)
Start importing Assets/Art/Objects/seashell-01.png using Guid(5c097a468f1821b42871feb0403a9ca5) Importer(815301076,1909f56bfc062723c751e8b465ee728b)  -> (artifact id: '17ca31522596bf577f788ff5e52ae2a7') in 0.041114 seconds
  Import took 0.060736 seconds .

========================================================================
Received Import Request.
  Time since last request: 0.000367 seconds.
  path: Assets/Art/Objects/Metal-02.png
  artifactKey: Guid(ed505f8e76e0c2045b5c79bc25baa148) Importer(815301076,1909f56bfc062723c751e8b465ee728b)
Start importing Assets/Art/Objects/Metal-02.png using Guid(ed505f8e76e0c2045b5c79bc25baa148) Importer(815301076,1909f56bfc062723c751e8b465ee728b)  -> (artifact id: 'f3f6e4f11275bcd6186efef8662d7a79') in 0.044143 seconds
  Import took 0.080453 seconds .

========================================================================
Received Import Request.
  Time since last request: 0.000244 seconds.
  path: Assets/Art/Objects/CoA-Relic-Shield.png
  artifactKey: Guid(68a61eb8a5e977d47b63cd29057e3f0c) Importer(815301076,1909f56bfc062723c751e8b465ee728b)
Start importing Assets/Art/Objects/CoA-Relic-Shield.png using Guid(68a61eb8a5e977d47b63cd29057e3f0c) Importer(815301076,1909f56bfc062723c751e8b465ee728b)  -> (artifact id: '6c3598026481b265f82f89ff18cc6237') in 0.048224 seconds
  Import took 0.059425 seconds .

========================================================================
Received Import Request.
  Time since last request: 0.013570 seconds.
  path: Assets/Art/Objects/bomberman.png
  artifactKey: Guid(229ffbb9ea904ef4ea029b81c057d946) Importer(815301076,1909f56bfc062723c751e8b465ee728b)
Start importing Assets/Art/Objects/bomberman.png using Guid(229ffbb9ea904ef4ea029b81c057d946) Importer(815301076,1909f56bfc062723c751e8b465ee728b)  -> (artifact id: '63d7e7e5ab43642e842e066a1b633629') in 0.071604 seconds
  Import took 0.151266 seconds .

========================================================================
Received Import Request.
  Time since last request: 0.004310 seconds.
  path: Assets/Art/Objects/Building UI-driftwood.png
  artifactKey: Guid(8bb9a780383af414994be0770bb11887) Importer(815301076,1909f56bfc062723c751e8b465ee728b)
Start importing Assets/Art/Objects/Building UI-driftwood.png using Guid(8bb9a780383af414994be0770bb11887) Importer(815301076,1909f56bfc062723c751e8b465ee728b)  -> (artifact id: 'c5b90ceff1e8bb99324a69dc4a6bfd75') in 0.044419 seconds
  Import took 0.069633 seconds .

========================================================================
Received Import Request.
  Time since last request: 0.000281 seconds.
  path: Assets/Art/Objects/vent.png
  artifactKey: Guid(fd20af3b6fa48844ab63a214fbc7d4ce) Importer(815301076,1909f56bfc062723c751e8b465ee728b)
Start importing Assets/Art/Objects/vent.png using Guid(fd20af3b6fa48844ab63a214fbc7d4ce) Importer(815301076,1909f56bfc062723c751e8b465ee728b)  -> (artifact id: '47a98a5129696575b60bc59980f46527') in 0.147174 seconds
  Import took 0.168339 seconds .

========================================================================
Received Import Request.
  Time since last request: 0.007555 seconds.
  path: Assets/Art/Objects/CoA-Relic-Debuff.png
  artifactKey: Guid(a1f40954932f7b44d9b0f8374cd82ff6) Importer(815301076,1909f56bfc062723c751e8b465ee728b)
Start importing Assets/Art/Objects/CoA-Relic-Debuff.png using Guid(a1f40954932f7b44d9b0f8374cd82ff6) Importer(815301076,1909f56bfc062723c751e8b465ee728b)  -> (artifact id: '553e67866bc5fca0ae945827220da7a9') in 0.044463 seconds
  Import took 0.089547 seconds .

========================================================================
Received Import Request.
  Time since last request: 0.000303 seconds.
  path: Assets/Art/Objects/clam.png
  artifactKey: Guid(35d3e931e5d03b84dae0f94fb8879896) Importer(815301076,1909f56bfc062723c751e8b465ee728b)
Start importing Assets/Art/Objects/clam.png using Guid(35d3e931e5d03b84dae0f94fb8879896) Importer(815301076,1909f56bfc062723c751e8b465ee728b)  -> (artifact id: 'd31d4c4b1b967a00437eb9fdee09349d') in 0.166416 seconds
  Import took 0.233514 seconds .

========================================================================
Received Import Request.
  Time since last request: 0.001460 seconds.
  path: Assets/Art/Objects/angler-01.png
  artifactKey: Guid(2b4bdbf4e43225940b241c15b405b4f1) Importer(815301076,1909f56bfc062723c751e8b465ee728b)
Start importing Assets/Art/Objects/angler-01.png using Guid(2b4bdbf4e43225940b241c15b405b4f1) Importer(815301076,1909f56bfc062723c751e8b465ee728b)  -> (artifact id: 'c63763f3a5192e9fc790f0d6dfd2d4de') in 0.127369 seconds
  Import took 0.338080 seconds .

========================================================================
Received Import Request.
  Time since last request: 0.000313 seconds.
  path: Assets/Art/Objects/coral1-01.png
  artifactKey: Guid(b16e49c13ab078e44b703c4ca50983b0) Importer(815301076,1909f56bfc062723c751e8b465ee728b)
Start importing Assets/Art/Objects/coral1-01.png using Guid(b16e49c13ab078e44b703c4ca50983b0) Importer(815301076,1909f56bfc062723c751e8b465ee728b)  -> (artifact id: '1f6a58473d45e00343a6a22acb211f5c') in 0.053556 seconds
  Import took 0.079802 seconds .

========================================================================
Received Import Request.
  Time since last request: 0.000360 seconds.
  path: Assets/Art/Objects/coral2-01.png
  artifactKey: Guid(52a3ef4fb39504046bec349708a7a474) Importer(815301076,1909f56bfc062723c751e8b465ee728b)
Start importing Assets/Art/Objects/coral2-01.png using Guid(52a3ef4fb39504046bec349708a7a474) Importer(815301076,1909f56bfc062723c751e8b465ee728b)  -> (artifact id: 'fd3348b235c50042faf1abe823c49459') in 0.065797 seconds
  Import took 0.113993 seconds .

========================================================================
Received Import Request.
  Time since last request: 0.000345 seconds.
  path: Assets/Art/Objects/CoA-Relic-Speed.png
  artifactKey: Guid(00b0918799653584490e044cb7364715) Importer(815301076,1909f56bfc062723c751e8b465ee728b)
Start importing Assets/Art/Objects/CoA-Relic-Speed.png using Guid(00b0918799653584490e044cb7364715) Importer(815301076,1909f56bfc062723c751e8b465ee728b)  -> (artifact id: '0102af2df937ea100dd8c5fc8b4e22e2') in 0.142804 seconds
  Import took 0.179794 seconds .

========================================================================
Received Import Request.
  Time since last request: 0.011442 seconds.
  path: Assets/Art/Objects/construction-zone.png
  artifactKey: Guid(22481d7dcf088bb45b5159cf18f44b40) Importer(815301076,1909f56bfc062723c751e8b465ee728b)
Start importing Assets/Art/Objects/construction-zone.png using Guid(22481d7dcf088bb45b5159cf18f44b40) Importer(815301076,1909f56bfc062723c751e8b465ee728b)  -> (artifact id: '1fb090da9873fa5982d89c972640eb25') in 0.125244 seconds
  Import took 0.211746 seconds .

========================================================================
Received Import Request.
  Time since last request: 0.000598 seconds.
  path: Assets/Art/Objects/woodenboards-01.png
  artifactKey: Guid(0babad47ebd612147be0f160d115cebf) Importer(815301076,1909f56bfc062723c751e8b465ee728b)
Start importing Assets/Art/Objects/woodenboards-01.png using Guid(0babad47ebd612147be0f160d115cebf) Importer(815301076,1909f56bfc062723c751e8b465ee728b)  -> (artifact id: '294a17d32ea0b3acefc4256261f7548c') in 0.418353 seconds
  Import took 0.450436 seconds .

========================================================================
Received Import Request.
  Time since last request: 0.000415 seconds.
  path: Assets/Art/Objects/Vent-hitbox.png
  artifactKey: Guid(0f9ff4790018ea041995d0a42ea9ee15) Importer(815301076,1909f56bfc062723c751e8b465ee728b)
Start importing Assets/Art/Objects/Vent-hitbox.png using Guid(0f9ff4790018ea041995d0a42ea9ee15) Importer(815301076,1909f56bfc062723c751e8b465ee728b)  -> (artifact id: 'bd7a0f2beaec1c09dabde9e593473717') in 0.038234 seconds
  Import took 0.050544 seconds .

========================================================================
Received Import Request.
  Time since last request: 0.000301 seconds.
  path: Assets/Art/Objects/CoA- rope 1.png
  artifactKey: Guid(1c3363c4ca15f4146a35cf710dedb8e7) Importer(815301076,1909f56bfc062723c751e8b465ee728b)
Start importing Assets/Art/Objects/CoA- rope 1.png using Guid(1c3363c4ca15f4146a35cf710dedb8e7) Importer(815301076,1909f56bfc062723c751e8b465ee728b)  -> (artifact id: '1dc7e116335d5537b9475521f28d9a87') in 0.027244 seconds
  Import took 0.109409 seconds .

========================================================================
Received Import Request.
  Time since last request: 0.000301 seconds.
  path: Assets/Art/Objects/shark-01.png
  artifactKey: Guid(0d8fe46065c6c7141a068b9348530d49) Importer(815301076,1909f56bfc062723c751e8b465ee728b)
Start importing Assets/Art/Objects/shark-01.png using Guid(0d8fe46065c6c7141a068b9348530d49) Importer(815301076,1909f56bfc062723c751e8b465ee728b)  -> (artifact id: 'a2c058ca7b9b8171f2907be40526b7fe') in 0.536881 seconds
  Import took 0.588661 seconds .

========================================================================
Received Import Request.
  Time since last request: 0.000227 seconds.
  path: Assets/Art/Objects/CoA-Relic-Dash.png
  artifactKey: Guid(0cf9517dbc69c1c4c98422fe7f45586f) Importer(815301076,1909f56bfc062723c751e8b465ee728b)
Start importing Assets/Art/Objects/CoA-Relic-Dash.png using Guid(0cf9517dbc69c1c4c98422fe7f45586f) Importer(815301076,1909f56bfc062723c751e8b465ee728b)  -> (artifact id: 'c0bcc59c4c79d9539b3147d238df93bf') in 0.063588 seconds
  Import took 0.085533 seconds .

========================================================================
Received Import Request.
  Time since last request: 0.000264 seconds.
  path: Assets/Art/Objects/Building UI-sheetmetal.png
  artifactKey: Guid(7076c4a2328b0344e8956846626dd874) Importer(815301076,1909f56bfc062723c751e8b465ee728b)
Start importing Assets/Art/Objects/Building UI-sheetmetal.png using Guid(7076c4a2328b0344e8956846626dd874) Importer(815301076,1909f56bfc062723c751e8b465ee728b)  -> (artifact id: 'b8f17c8c35e2fb080948eb052620e17b') in 0.012641 seconds
  Import took 0.022582 seconds .

========================================================================
Received Import Request.
  Time since last request: 0.000724 seconds.
  path: Assets/Art/Objects/Building UI-seashell.png
  artifactKey: Guid(75e3cf01edb33d44391fcda91c9cf350) Importer(815301076,1909f56bfc062723c751e8b465ee728b)
Start importing Assets/Art/Objects/Building UI-seashell.png using Guid(75e3cf01edb33d44391fcda91c9cf350) Importer(815301076,1909f56bfc062723c751e8b465ee728b)  -> (artifact id: '9905ac5e293e042f5e4888ebca591d97') in 0.027194 seconds
  Import took 0.100866 seconds .

========================================================================
Received Import Request.
  Time since last request: 0.000400 seconds.
  path: Assets/Art/Objects/bone-01.png
  artifactKey: Guid(3092350dac6270f4ebc11f6d9a2e1aac) Importer(815301076,1909f56bfc062723c751e8b465ee728b)
Start importing Assets/Art/Objects/bone-01.png using Guid(3092350dac6270f4ebc11f6d9a2e1aac) Importer(815301076,1909f56bfc062723c751e8b465ee728b)  -> (artifact id: 'f6bd086f106bbd666b63c72edd3b9c81') in 0.056058 seconds
  Import took 0.122718 seconds .

========================================================================
Received Import Request.
  Time since last request: 0.000254 seconds.
  path: Assets/Art/Objects/CoA-Jellyfish.png
  artifactKey: Guid(b391c04932fb35f4799a3f910c2667e8) Importer(815301076,1909f56bfc062723c751e8b465ee728b)
Start importing Assets/Art/Objects/CoA-Jellyfish.png using Guid(b391c04932fb35f4799a3f910c2667e8) Importer(815301076,1909f56bfc062723c751e8b465ee728b)  -> (artifact id: 'de8945553a7e78c6b44942f982e11c28') in 0.020084 seconds
  Import took 0.653518 seconds .

========================================================================
Received Import Request.
  Time since last request: 0.000229 seconds.
  path: Assets/Art/Objects/CoA- rope.png
  artifactKey: Guid(6c0300cc442ed03479218b207b9e26f4) Importer(815301076,1909f56bfc062723c751e8b465ee728b)
Start importing Assets/Art/Objects/CoA- rope.png using Guid(6c0300cc442ed03479218b207b9e26f4) Importer(815301076,1909f56bfc062723c751e8b465ee728b)  -> (artifact id: '453a5cdf3bc8e452148596c51a402e07') in 0.307335 seconds
  Import took 0.354155 seconds .

========================================================================
Received Import Request.
  Time since last request: 0.271344 seconds.
  path: Assets/Art/Objects/bone-01.png
  artifactKey: Guid(3092350dac6270f4ebc11f6d9a2e1aac) Importer(815301076,1909f56bfc062723c751e8b465ee728b)
Start importing Assets/Art/Objects/bone-01.png using Guid(3092350dac6270f4ebc11f6d9a2e1aac) Importer(815301076,1909f56bfc062723c751e8b465ee728b)  -> (artifact id: 'f6bd086f106bbd666b63c72edd3b9c81') in 0.044131 seconds
  Import took 0.060745 seconds .

========================================================================
Received Prepare
Registering precompiled user dll's ...
Registered in 0.002823 seconds.
Begin MonoManager ReloadAssembly
Native extension for WindowsStandalone target not found
Native extension for WebGL target not found
Refreshing native plugins compatible for Editor in 1.34 ms, found 1 plugins.
Preloading 0 native plugins for Editor in 0.00 ms.
Mono: successfully reloaded assembly
- Completed reload, in  2.622 seconds
Platform modules already initialized, skipping
Shader 'Universal Render Pipeline/Particles/Lit': fallback shader 'Universal Render Pipeline/Particles/SimpleLit' not found
Refreshing native plugins compatible for Editor in 0.95 ms, found 1 plugins.
Preloading 0 native plugins for Editor in 0.00 ms.
Unloading 2864 Unused Serialized files (Serialized files now loaded: 0)
System memory in use before: 130.7 MB.
System memory in use after: 130.8 MB.

Unloading 13 unused Assets to reduce memory usage. Loaded Objects now: 3603.
Total: 6.850000 ms (FindLiveObjects: 1.097100 ms CreateObjectMapping: 0.538900 ms MarkObjects: 4.895200 ms  DeleteObjects: 0.315400 ms)

========================================================================
Received Prepare
Registering precompiled user dll's ...
Registered in 0.009532 seconds.
Begin MonoManager ReloadAssembly
Native extension for WindowsStandalone target not found
Native extension for WebGL target not found
Refreshing native plugins compatible for Editor in 1.32 ms, found 1 plugins.
Preloading 0 native plugins for Editor in 0.00 ms.
Mono: successfully reloaded assembly
- Completed reload, in  3.354 seconds
Platform modules already initialized, skipping
Shader 'Universal Render Pipeline/Particles/Lit': fallback shader 'Universal Render Pipeline/Particles/SimpleLit' not found
Refreshing native plugins compatible for Editor in 1.69 ms, found 1 plugins.
Preloading 0 native plugins for Editor in 0.00 ms.
Unloading 2864 Unused Serialized files (Serialized files now loaded: 0)
System memory in use before: 130.7 MB.
System memory in use after: 130.8 MB.

Unloading 13 unused Assets to reduce memory usage. Loaded Objects now: 3607.
Total: 10.399000 ms (FindLiveObjects: 0.932000 ms CreateObjectMapping: 0.694200 ms MarkObjects: 8.398400 ms  DeleteObjects: 0.371000 ms)

========================================================================
Received Prepare
Registering precompiled user dll's ...
Registered in 0.008944 seconds.
Begin MonoManager ReloadAssembly
Native extension for WindowsStandalone target not found
Native extension for WebGL target not found
Refreshing native plugins compatible for Editor in 1.78 ms, found 1 plugins.
Preloading 0 native plugins for Editor in 0.00 ms.
Mono: successfully reloaded assembly
- Completed reload, in  2.902 seconds
Platform modules already initialized, skipping
Shader 'Universal Render Pipeline/Particles/Lit': fallback shader 'Universal Render Pipeline/Particles/SimpleLit' not found
Refreshing native plugins compatible for Editor in 1.75 ms, found 1 plugins.
Preloading 0 native plugins for Editor in 0.00 ms.
Unloading 2864 Unused Serialized files (Serialized files now loaded: 0)
System memory in use before: 130.7 MB.
System memory in use after: 130.8 MB.

Unloading 13 unused Assets to reduce memory usage. Loaded Objects now: 3611.
Total: 6.265400 ms (FindLiveObjects: 1.253900 ms CreateObjectMapping: 0.825300 ms MarkObjects: 3.851200 ms  DeleteObjects: 0.332400 ms)

========================================================================
Received Prepare
Registering precompiled user dll's ...
Registered in 0.003481 seconds.
Begin MonoManager ReloadAssembly
Native extension for WindowsStandalone target not found
Native extension for WebGL target not found
Refreshing native plugins compatible for Editor in 2.18 ms, found 1 plugins.
Preloading 0 native plugins for Editor in 0.00 ms.
Mono: successfully reloaded assembly
- Completed reload, in  3.327 seconds
Platform modules already initialized, skipping
Shader 'Universal Render Pipeline/Particles/Lit': fallback shader 'Universal Render Pipeline/Particles/SimpleLit' not found
Refreshing native plugins compatible for Editor in 0.54 ms, found 1 plugins.
Preloading 0 native plugins for Editor in 0.00 ms.
Unloading 2864 Unused Serialized files (Serialized files now loaded: 0)
System memory in use before: 130.8 MB.
System memory in use after: 130.8 MB.

Unloading 13 unused Assets to reduce memory usage. Loaded Objects now: 3615.
Total: 7.080100 ms (FindLiveObjects: 1.261100 ms CreateObjectMapping: 0.565500 ms MarkObjects: 4.978100 ms  DeleteObjects: 0.271800 ms)

========================================================================
Received Prepare
Registering precompiled user dll's ...
Registered in 0.003453 seconds.
Begin MonoManager ReloadAssembly
Native extension for WindowsStandalone target not found
Native extension for WebGL target not found
Refreshing native plugins compatible for Editor in 1.15 ms, found 1 plugins.
Preloading 0 native plugins for Editor in 0.00 ms.
Mono: successfully reloaded assembly
- Completed reload, in  2.401 seconds
Platform modules already initialized, skipping
Shader 'Universal Render Pipeline/Particles/Lit': fallback shader 'Universal Render Pipeline/Particles/SimpleLit' not found
Refreshing native plugins compatible for Editor in 1.33 ms, found 1 plugins.
Preloading 0 native plugins for Editor in 0.00 ms.
Unloading 2864 Unused Serialized files (Serialized files now loaded: 0)
System memory in use before: 130.8 MB.
System memory in use after: 130.9 MB.

Unloading 13 unused Assets to reduce memory usage. Loaded Objects now: 3619.
Total: 8.202800 ms (FindLiveObjects: 1.265700 ms CreateObjectMapping: 1.377800 ms MarkObjects: 5.329400 ms  DeleteObjects: 0.226200 ms)

========================================================================
Received Prepare
Registering precompiled user dll's ...
Registered in 0.001410 seconds.
Begin MonoManager ReloadAssembly
Native extension for WindowsStandalone target not found
Native extension for WebGL target not found
Refreshing native plugins compatible for Editor in 3.39 ms, found 1 plugins.
Preloading 0 native plugins for Editor in 0.00 ms.
Mono: successfully reloaded assembly
- Completed reload, in  2.906 seconds
Platform modules already initialized, skipping
Shader 'Universal Render Pipeline/Particles/Lit': fallback shader 'Universal Render Pipeline/Particles/SimpleLit' not found
Refreshing native plugins compatible for Editor in 1.45 ms, found 1 plugins.
Preloading 0 native plugins for Editor in 0.00 ms.
Unloading 2864 Unused Serialized files (Serialized files now loaded: 0)
System memory in use before: 130.8 MB.
System memory in use after: 130.9 MB.

Unloading 13 unused Assets to reduce memory usage. Loaded Objects now: 3623.
Total: 10.070900 ms (FindLiveObjects: 1.048200 ms CreateObjectMapping: 0.981700 ms MarkObjects: 7.772500 ms  DeleteObjects: 0.265300 ms)

========================================================================
Received Prepare
Registering precompiled user dll's ...
Registered in 0.004544 seconds.
Begin MonoManager ReloadAssembly
Native extension for WindowsStandalone target not found
Native extension for WebGL target not found
Refreshing native plugins compatible for Editor in 2.14 ms, found 1 plugins.
Preloading 0 native plugins for Editor in 0.00 ms.
Mono: successfully reloaded assembly
- Completed reload, in  2.602 seconds
Platform modules already initialized, skipping
Shader 'Universal Render Pipeline/Particles/Lit': fallback shader 'Universal Render Pipeline/Particles/SimpleLit' not found
Refreshing native plugins compatible for Editor in 1.65 ms, found 1 plugins.
Preloading 0 native plugins for Editor in 0.00 ms.
Unloading 2864 Unused Serialized files (Serialized files now loaded: 0)
System memory in use before: 130.8 MB.
System memory in use after: 130.9 MB.

Unloading 13 unused Assets to reduce memory usage. Loaded Objects now: 3627.
Total: 8.108700 ms (FindLiveObjects: 0.686100 ms CreateObjectMapping: 0.262100 ms MarkObjects: 6.768600 ms  DeleteObjects: 0.389200 ms)

========================================================================
Received Prepare
Registering precompiled user dll's ...
Registered in 0.001513 seconds.
Begin MonoManager ReloadAssembly
Native extension for WindowsStandalone target not found
Native extension for WebGL target not found
Refreshing native plugins compatible for Editor in 2.17 ms, found 1 plugins.
Preloading 0 native plugins for Editor in 0.00 ms.
Mono: successfully reloaded assembly
- Completed reload, in  2.573 seconds
Platform modules already initialized, skipping
Shader 'Universal Render Pipeline/Particles/Lit': fallback shader 'Universal Render Pipeline/Particles/SimpleLit' not found
Refreshing native plugins compatible for Editor in 1.22 ms, found 1 plugins.
Preloading 0 native plugins for Editor in 0.00 ms.
Unloading 2864 Unused Serialized files (Serialized files now loaded: 0)
System memory in use before: 130.8 MB.
System memory in use after: 130.9 MB.

Unloading 13 unused Assets to reduce memory usage. Loaded Objects now: 3631.
Total: 8.206000 ms (FindLiveObjects: 1.219700 ms CreateObjectMapping: 0.544700 ms MarkObjects: 6.072800 ms  DeleteObjects: 0.363500 ms)

========================================================================
Received Prepare
Registering precompiled user dll's ...
Registered in 0.001613 seconds.
Begin MonoManager ReloadAssembly
Native extension for WindowsStandalone target not found
Native extension for WebGL target not found
Refreshing native plugins compatible for Editor in 1.91 ms, found 1 plugins.
Preloading 0 native plugins for Editor in 0.00 ms.
Mono: successfully reloaded assembly
- Completed reload, in 10.357 seconds
Platform modules already initialized, skipping
Shader 'Universal Render Pipeline/Particles/Lit': fallback shader 'Universal Render Pipeline/Particles/SimpleLit' not found
Refreshing native plugins compatible for Editor in 2.24 ms, found 1 plugins.
Preloading 0 native plugins for Editor in 0.00 ms.
Unloading 2864 Unused Serialized files (Serialized files now loaded: 0)
System memory in use before: 130.8 MB.
System memory in use after: 130.9 MB.

Unloading 13 unused Assets to reduce memory usage. Loaded Objects now: 3635.
Total: 23.239500 ms (FindLiveObjects: 1.683600 ms CreateObjectMapping: 0.821400 ms MarkObjects: 20.492300 ms  DeleteObjects: 0.240000 ms)

========================================================================
Received Prepare
Shader 'Universal Render Pipeline/Particles/Lit': fallback shader 'Universal Render Pipeline/Particles/SimpleLit' not found
Refreshing native plugins compatible for Editor in 6.25 ms, found 1 plugins.
Preloading 0 native plugins for Editor in 0.00 ms.
Unloading 11 Unused Serialized files (Serialized files now loaded: 0)
System memory in use before: 74.5 MB.
System memory in use after: 74.6 MB.

Unloading 11 unused Assets to reduce memory usage. Loaded Objects now: 3635.
Total: 24.876600 ms (FindLiveObjects: 5.707900 ms CreateObjectMapping: 3.588100 ms MarkObjects: 15.408100 ms  DeleteObjects: 0.169500 ms)

