Using pre-set license
Built from '2020.3/staging' branch; Version is '2020.3.5f1 (8095aa901b9b) revision 8426922'; Using compiler version '192528614'; Build Type 'Release'
OS: 'Windows 10 Home; OS build 19041.928; Version 2004; 64bit' Language: 'en' Physical Memory: 32695 MB
BatchMode: 1, IsHumanControllingUs: 0, StartBugReporterOnCrash: 0, Is64bit: 1, IsPro: 0

 COMMAND LINE ARGUMENTS:
F:\UnityInstalls\2020.3.5f1\Editor\Unity.exe
-adb2
-batchMode
-noUpm
-name
AssetImportWorker0
-projectPath
F:/git_repos/ChildOfAtlantis/ChildOfAtlantis
-logFile
Logs/AssetImportWorker0.log
-srvPort
50623
Successfully changed project path to: F:/git_repos/ChildOfAtlantis/ChildOfAtlantis
F:/git_repos/ChildOfAtlantis/ChildOfAtlantis
Using Asset Import Pipeline V2.
Refreshing native plugins compatible for Editor in 29.43 ms, found 1 plugins.
Preloading 0 native plugins for Editor in 0.00 ms.
Initialize engine version: 2020.3.5f1 (8095aa901b9b)
[Subsystems] Discovering subsystems at path F:/UnityInstalls/2020.3.5f1/Editor/Data/Resources/UnitySubsystems
[Subsystems] Discovering subsystems at path F:/git_repos/ChildOfAtlantis/ChildOfAtlantis/Assets
GfxDevice: creating device client; threaded=0
Direct3D:
    Version:  Direct3D 11.0 [level 11.1]
    Renderer: NVIDIA GeForce RTX 3080 (ID=0x2206)
    Vendor:   
    VRAM:     10077 MB
    Driver:   27.21.14.6589
Initialize mono
Mono path[0] = 'F:/UnityInstalls/2020.3.5f1/Editor/Data/Managed'
Mono path[1] = 'F:/UnityInstalls/2020.3.5f1/Editor/Data/MonoBleedingEdge/lib/mono/unityjit'
Mono config path = 'F:/UnityInstalls/2020.3.5f1/Editor/Data/MonoBleedingEdge/etc'
Using monoOptions --debugger-agent=transport=dt_socket,embedding=1,server=y,suspend=n,address=127.0.0.1:56304
Begin MonoManager ReloadAssembly
Registering precompiled unity dll's ...
Register platform support module: F:/UnityInstalls/2020.3.5f1/Editor/Data/PlaybackEngines/WebGLSupport/UnityEditor.WebGL.Extensions.dll
Register platform support module: F:/UnityInstalls/2020.3.5f1/Editor/Data/PlaybackEngines/WindowsStandaloneSupport/UnityEditor.WindowsStandalone.Extensions.dll
Registered in 0.001007 seconds.
Native extension for WindowsStandalone target not found
Native extension for WebGL target not found
Refreshing native plugins compatible for Editor in 29.77 ms, found 1 plugins.
Preloading 0 native plugins for Editor in 0.00 ms.
Mono: successfully reloaded assembly
- Completed reload, in  0.838 seconds
Platform modules already initialized, skipping
Registering precompiled user dll's ...
Registered in 0.000668 seconds.
Begin MonoManager ReloadAssembly
Native extension for WindowsStandalone target not found
Native extension for WebGL target not found
Refreshing native plugins compatible for Editor in 29.31 ms, found 1 plugins.
Preloading 0 native plugins for Editor in 0.00 ms.
Mono: successfully reloaded assembly
- Completed reload, in  0.777 seconds
Platform modules already initialized, skipping
========================================================================
Worker process is ready to serve import requests
Launched and connected shader compiler UnityShaderCompiler.exe after 0.13 seconds
Refreshing native plugins compatible for Editor in 0.31 ms, found 1 plugins.
Preloading 0 native plugins for Editor in 0.00 ms.
Unloading 1808 Unused Serialized files (Serialized files now loaded: 0)
System memory in use before: 84.8 MB.
System memory in use after: 84.8 MB.

Unloading 24 unused Assets to reduce memory usage. Loaded Objects now: 2250.
Total: 2.318600 ms (FindLiveObjects: 0.326000 ms CreateObjectMapping: 0.131600 ms MarkObjects: 1.697900 ms  DeleteObjects: 0.161500 ms)

========================================================================
Received Import Request.
  path: Assets
  artifactKey: Guid(00000000000000001000000000000000) Importer(815301076,1909f56bfc062723c751e8b465ee728b)
Start importing Assets using Guid(00000000000000001000000000000000) Importer(815301076,1909f56bfc062723c751e8b465ee728b)  -> (artifact id: 'e4856052512617ee48189cf1d7999900') in 0.003441 seconds
  Import took 0.019836 seconds .

========================================================================
Received Import Request.
  Time since last request: 3.243914 seconds.
  path: Assets/Scirpts
  artifactKey: Guid(392d724d9af0140458694e4117facbfa) Importer(815301076,1909f56bfc062723c751e8b465ee728b)
Start importing Assets/Scirpts using Guid(392d724d9af0140458694e4117facbfa) Importer(815301076,1909f56bfc062723c751e8b465ee728b)  -> (artifact id: 'a2d4ff4fbc5f7ab9ba224b91e827bdfa') in 0.001135 seconds
  Import took 0.012877 seconds .

========================================================================
Received Import Request.
  Time since last request: 6.822437 seconds.
  path: Assets/Scripts
  artifactKey: Guid(392d724d9af0140458694e4117facbfa) Importer(815301076,1909f56bfc062723c751e8b465ee728b)
Start importing Assets/Scripts using Guid(392d724d9af0140458694e4117facbfa) Importer(815301076,1909f56bfc062723c751e8b465ee728b)  -> (artifact id: '4262b8c3e04cb4d4d15780e3c3e0aea1') in 0.001039 seconds
  Import took 0.026928 seconds .

========================================================================
Received Import Request.
  Time since last request: 6.814855 seconds.
  path: Assets/Scenes/SampleScene.unity
  artifactKey: Guid(2cda990e2423bbf4892e6590ba056729) Importer(815301076,1909f56bfc062723c751e8b465ee728b)
Start importing Assets/Scenes/SampleScene.unity using Guid(2cda990e2423bbf4892e6590ba056729) Importer(815301076,1909f56bfc062723c751e8b465ee728b)  -> (artifact id: '5db6c5a27ce610e8eb13047cc6caff06') in 0.006575 seconds
  Import took 0.009780 seconds .

========================================================================
Received Import Request.
  Time since last request: 11.566161 seconds.
  path: Assets/Scenes/MVP Test Scene.unity
  artifactKey: Guid(2cda990e2423bbf4892e6590ba056729) Importer(815301076,1909f56bfc062723c751e8b465ee728b)
Start importing Assets/Scenes/MVP Test Scene.unity using Guid(2cda990e2423bbf4892e6590ba056729) Importer(815301076,1909f56bfc062723c751e8b465ee728b)  -> (artifact id: 'f1b35dbac9ca871ad1e4738e92bddf85') in 0.001442 seconds
  Import took 0.013280 seconds .

========================================================================
Received Import Request.
  Time since last request: 14.884325 seconds.
  path: Assets/Scripts/PlayerController.cs
  artifactKey: Guid(d10a838a65f85e248a6c2e2182a82579) Importer(815301076,1909f56bfc062723c751e8b465ee728b)
Start importing Assets/Scripts/PlayerController.cs using Guid(d10a838a65f85e248a6c2e2182a82579) Importer(815301076,1909f56bfc062723c751e8b465ee728b)  -> (artifact id: '2f1b5c0482f139d62b50d937b7e4f6cb') in 0.077938 seconds
  Import took 0.092247 seconds .

========================================================================
Received Prepare
Registering precompiled user dll's ...
Registered in 0.001321 seconds.
Begin MonoManager ReloadAssembly
Native extension for WindowsStandalone target not found
Native extension for WebGL target not found
Refreshing native plugins compatible for Editor in 0.31 ms, found 1 plugins.
Preloading 0 native plugins for Editor in 0.00 ms.
Mono: successfully reloaded assembly
- Completed reload, in  0.696 seconds
Platform modules already initialized, skipping
Refreshing native plugins compatible for Editor in 0.34 ms, found 1 plugins.
Preloading 0 native plugins for Editor in 0.00 ms.
Unloading 1804 Unused Serialized files (Serialized files now loaded: 0)
System memory in use before: 84.8 MB.
System memory in use after: 84.8 MB.

Unloading 12 unused Assets to reduce memory usage. Loaded Objects now: 2255.
Total: 1.677600 ms (FindLiveObjects: 0.185000 ms CreateObjectMapping: 0.062000 ms MarkObjects: 1.341100 ms  DeleteObjects: 0.088600 ms)

========================================================================
Received Import Request.
  Time since last request: 23.618146 seconds.
  path: Assets/Scripts/GameController.cs
  artifactKey: Guid(60dbb4dda80e9dc4b9983ef551ef9bb4) Importer(815301076,1909f56bfc062723c751e8b465ee728b)
Start importing Assets/Scripts/GameController.cs using Guid(60dbb4dda80e9dc4b9983ef551ef9bb4) Importer(815301076,1909f56bfc062723c751e8b465ee728b)  -> (artifact id: 'f0a0d5b3dce087661c359cbe783d4815') in 0.003261 seconds
  Import took 0.013908 seconds .

========================================================================
Received Prepare
Registering precompiled user dll's ...
Registered in 0.000585 seconds.
Begin MonoManager ReloadAssembly
Native extension for WindowsStandalone target not found
Native extension for WebGL target not found
Refreshing native plugins compatible for Editor in 0.31 ms, found 1 plugins.
Preloading 0 native plugins for Editor in 0.00 ms.
Mono: successfully reloaded assembly
- Completed reload, in  0.714 seconds
Platform modules already initialized, skipping
Refreshing native plugins compatible for Editor in 0.36 ms, found 1 plugins.
Preloading 0 native plugins for Editor in 0.00 ms.
Unloading 1805 Unused Serialized files (Serialized files now loaded: 0)
System memory in use before: 84.9 MB.
System memory in use after: 84.9 MB.

Unloading 12 unused Assets to reduce memory usage. Loaded Objects now: 2260.
Total: 1.758000 ms (FindLiveObjects: 0.186500 ms CreateObjectMapping: 0.066700 ms MarkObjects: 1.415000 ms  DeleteObjects: 0.088700 ms)

========================================================================
Received Import Request.
  Time since last request: 121.140191 seconds.
  path: Assets/Scripts/CameraController.cs
  artifactKey: Guid(06d3f1f06f58cea4098e79f3346d6f1f) Importer(815301076,1909f56bfc062723c751e8b465ee728b)
Start importing Assets/Scripts/CameraController.cs using Guid(06d3f1f06f58cea4098e79f3346d6f1f) Importer(815301076,1909f56bfc062723c751e8b465ee728b)  -> (artifact id: '7a078fea5410bbfccd5a0a110adcd2ff') in 0.004785 seconds
  Import took 0.012582 seconds .

========================================================================
Received Prepare
Registering precompiled user dll's ...
Registered in 0.000583 seconds.
Begin MonoManager ReloadAssembly
Native extension for WindowsStandalone target not found
Native extension for WebGL target not found
Refreshing native plugins compatible for Editor in 0.31 ms, found 1 plugins.
Preloading 0 native plugins for Editor in 0.00 ms.
Mono: successfully reloaded assembly
- Completed reload, in  0.695 seconds
Platform modules already initialized, skipping
Refreshing native plugins compatible for Editor in 0.31 ms, found 1 plugins.
Preloading 0 native plugins for Editor in 0.00 ms.
Unloading 1806 Unused Serialized files (Serialized files now loaded: 0)
System memory in use before: 84.9 MB.
System memory in use after: 84.9 MB.

Unloading 12 unused Assets to reduce memory usage. Loaded Objects now: 2265.
Total: 1.676700 ms (FindLiveObjects: 0.161200 ms CreateObjectMapping: 0.054100 ms MarkObjects: 1.370600 ms  DeleteObjects: 0.090200 ms)

========================================================================
Received Import Request.
  Time since last request: 34.788596 seconds.
  path: ProjectSettings/TagManager.asset
  artifactKey: Guid(00000000000000003000000000000000) Importer(815301076,1909f56bfc062723c751e8b465ee728b)
Start importing ProjectSettings/TagManager.asset using Guid(00000000000000003000000000000000) Importer(815301076,1909f56bfc062723c751e8b465ee728b)  -> (artifact id: '1c037ca2c5e51484f479ce63818a6327') in 0.014459 seconds
  Import took 0.023914 seconds .

========================================================================
Received Prepare
Registering precompiled user dll's ...
Registered in 0.000716 seconds.
Begin MonoManager ReloadAssembly
Native extension for WindowsStandalone target not found
Native extension for WebGL target not found
Refreshing native plugins compatible for Editor in 1.97 ms, found 1 plugins.
Preloading 0 native plugins for Editor in 0.00 ms.
Mono: successfully reloaded assembly
- Completed reload, in  1.126 seconds
Platform modules already initialized, skipping
Refreshing native plugins compatible for Editor in 0.35 ms, found 1 plugins.
Preloading 0 native plugins for Editor in 0.00 ms.
Unloading 1806 Unused Serialized files (Serialized files now loaded: 0)
System memory in use before: 85.0 MB.
System memory in use after: 84.9 MB.

Unloading 13 unused Assets to reduce memory usage. Loaded Objects now: 2269.
Total: 1.980200 ms (FindLiveObjects: 0.282100 ms CreateObjectMapping: 0.097500 ms MarkObjects: 1.460200 ms  DeleteObjects: 0.139400 ms)

AssetImportWorkerClient::OnTransportError - code=2 error=End of file
